FGAPP/build/outputs/logs/manifest-merger-debug-report.txt
-- Merging decision tree log ---
manifest
ADDED from Desktop\FGAPP\AndroidManifest.xml:2:1-39:12
	package
		ADDED from Desktop\FGAPP\AndroidManifest.xml:3:5-30
	android:versionName
		ADDED from Desktop\FGAPP\AndroidManifest.xml:5:5-30
		INJECTED from Desktop\FGAPP\AndroidManifest.xml
		INJECTED from Desktop\FGAPP\AndroidManifest.xml
	android:versionCode
		ADDED from Desktop\FGAPP\AndroidManifest.xml:4:5-28
		INJECTED from Desktop\FGAPP\AndroidManifest.xml
		INJECTED from Desktop\FGAPP\AndroidManifest.xml
	xmlns:android
		ADDED from Desktop\FGAPP\AndroidManifest.xml:2:11-69
uses-permission#android.permission.INTERNET
ADDED from Desktop\FGAPP\AndroidManifest.xml:7:5-67
	android:name
		ADDED from Desktop\FGAPP\AndroidManifest.xml:7:22-64
uses-permission#android.permission.ACCESS_WIFI_STATE
ADDED from Desktop\FGAPP\AndroidManifest.xml:8:5-76
	android:name
		ADDED from Desktop\FGAPP\AndroidManifest.xml:8:22-73
uses-permission#android.permission.ACCESS_NETWORK_STATE
ADDED from Desktop\FGAPP\AndroidManifest.xml:9:5-79
	android:name
		ADDED from Desktop\FGAPP\AndroidManifest.xml:9:22-76
uses-permission#android.permission.CAMERA
ADDED from Desktop\FGAPP\AndroidManifest.xml:10:5-65
	android:name
		ADDED from Desktop\FGAPP\AndroidManifest.xml:10:22-62
uses-permission#android.permission.WRITE_EXTERNAL_STORAGE
ADDED from Desktop\FGAPP\AndroidManifest.xml:11:5-81
	android:name
		ADDED from Desktop\FGAPP\AndroidManifest.xml:11:22-78
uses-permission#android.permission.MOUNT_UNMOUNT_FILESYSTEMS
ADDED from Desktop\FGAPP\AndroidManifest.xml:12:5-84
	android:name
		ADDED from Desktop\FGAPP\AndroidManifest.xml:12:22-81
uses-permission#android.permission.READ_LOGS
ADDED from Desktop\FGAPP\AndroidManifest.xml:13:5-68
	android:name
		ADDED from Desktop\FGAPP\AndroidManifest.xml:13:22-65
uses-permission#android.permission.READ_PHONE_STATE
ADDED from Desktop\FGAPP\AndroidManifest.xml:14:5-75
	android:name
		ADDED from Desktop\FGAPP\AndroidManifest.xml:14:22-72
uses-permission#android.permission.READ_EXTERNAL_STORAGE
ADDED from Desktop\FGAPP\AndroidManifest.xml:15:5-80
	android:name
		ADDED from Desktop\FGAPP\AndroidManifest.xml:15:22-77
uses-permission#android.permission.WAKE_LOCK
ADDED from Desktop\FGAPP\AndroidManifest.xml:16:5-68
	android:name
		ADDED from Desktop\FGAPP\AndroidManifest.xml:16:22-65
application
ADDED from Desktop\FGAPP\AndroidManifest.xml:18:5-37:19
MERGED from [com.android.support:appcompat-v7:24.2.1] AndroidManifest.xml:25:5-20
MERGED from [com.android.support:animated-vector-drawable:24.2.1] AndroidManifest.xml:22:5-20
MERGED from [com.android.support:support-vector-drawable:24.2.1] AndroidManifest.xml:23:5-20
MERGED from [com.android.support:support-core-ui:24.2.1] AndroidManifest.xml:25:5-20
MERGED from [com.android.support:support-compat:24.2.1] AndroidManifest.xml:25:5-20
MERGED from [com.android.support.constraint:constraint-layout:1.0.2] AndroidManifest.xml:9:5-20
	android:label
		ADDED from Desktop\FGAPP\AndroidManifest.xml:20:9-41
	android:icon
		ADDED from Desktop\FGAPP\AndroidManifest.xml:19:9-38
activity#com.fg.activity.MainActivity
ADDED from Desktop\FGAPP\AndroidManifest.xml:21:9-29:20
	android:label
		ADDED from Desktop\FGAPP\AndroidManifest.xml:23:13-45
	android:name
		ADDED from Desktop\FGAPP\AndroidManifest.xml:22:13-41
intent-filter#android.intent.action.MAIN+android.intent.category.LAUNCHER
ADDED from Desktop\FGAPP\AndroidManifest.xml:24:13-28:29
action#android.intent.action.MAIN
ADDED from Desktop\FGAPP\AndroidManifest.xml:25:17-69
	android:name
		ADDED from Desktop\FGAPP\AndroidManifest.xml:25:25-66
category#android.intent.category.LAUNCHER
ADDED from Desktop\FGAPP\AndroidManifest.xml:27:17-77
	android:name
		ADDED from Desktop\FGAPP\AndroidManifest.xml:27:27-74
activity#com.fg.activity.SelectFileActivity
ADDED from Desktop\FGAPP\AndroidManifest.xml:30:9-32:56
	android:theme
		ADDED from Desktop\FGAPP\AndroidManifest.xml:32:13-53
	android:name
		ADDED from Desktop\FGAPP\AndroidManifest.xml:31:13-47
activity#com.fg.activity.DownloadListActivity
ADDED from Desktop\FGAPP\AndroidManifest.xml:33:9-36:47
	android:label
		ADDED from Desktop\FGAPP\AndroidManifest.xml:35:13-45
	android:theme
		ADDED from Desktop\FGAPP\AndroidManifest.xml:36:13-44
	android:name
		ADDED from Desktop\FGAPP\AndroidManifest.xml:34:13-49
uses-sdk
INJECTED from Desktop\FGAPP\AndroidManifest.xml reason: use-sdk injection requested
MERGED from [com.android.support:multidex:1.0.1] AndroidManifest.xml:18:5-42
MERGED from [com.android.support:appcompat-v7:24.2.1] AndroidManifest.xml:21:5-23:78
MERGED from [com.android.support:animated-vector-drawable:24.2.1] AndroidManifest.xml:20:5-44
MERGED from [com.android.support:support-vector-drawable:24.2.1] AndroidManifest.xml:21:5-43
MERGED from [com.android.support:recyclerview-v7:24.2.1] AndroidManifest.xml:20:5-43
MERGED from [com.android.support:support-core-ui:24.2.1] AndroidManifest.xml:21:5-23:58
MERGED from [com.android.support:support-compat:24.2.1] AndroidManifest.xml:21:5-23:58
MERGED from [com.android.support.constraint:constraint-layout:1.0.2] AndroidManifest.xml:5:5-7:41
	tools:overrideLibrary
		ADDED from [com.android.support:appcompat-v7:24.2.1] AndroidManifest.xml:23:9-75
	android:targetSdkVersion
		INJECTED from Desktop\FGAPP\AndroidManifest.xml
		INJECTED from Desktop\FGAPP\AndroidManifest.xml
	android:minSdkVersion
		INJECTED from Desktop\FGAPP\AndroidManifest.xml
		INJECTED from Desktop\FGAPP\AndroidManifest.xml